Removed Pin From Net: NetName=+5 Pin=D?-2
Removed Pin From Net: NetName=+5 Pin=D?-2
Removed Pin From Net: NetName=+5 Pin=D?-2
Removed Pin From Net: NetName=+5 Pin=D?-2
Removed Pin From Net: NetName=+5 Pin=D?-2
Removed Pin From Net: NetName=+5 Pin=D?-2
Removed Pin From Net: NetName=+5 Pin=D?-2
Removed Pin From Net: NetName=+5 Pin=D?-2
Removed Pin From Net: NetName=18 Pin=dht?-1
Removed Pin From Net: NetName=18 Pin=dht?-1
Removed Pin From Net: NetName=+5 Pin=dht?-2
Removed Pin From Net: NetName=GND Pin=dht?-3
Removed Pin From Net: NetName=GND Pin=flame_sensor?-1
Removed Pin From Net: NetName=GND Pin=flame_sensor?-1
Removed Pin From Net: NetName=+5 Pin=flame_sensor?-2
Removed Pin From Net: NetName=+5 Pin=flame_sensor?-2
Removed Pin From Net: NetName=sda Pin=flame_sensor?-3
Removed Pin From Net: NetName=sda Pin=flame_sensor?-3
Removed Pin From Net: NetName=scl Pin=flame_sensor?-4
Removed Pin From Net: NetName=scl Pin=flame_sensor?-4
Removed Pin From Net: NetName=GND Pin=J?-2
Removed Pin From Net: NetName=GND Pin=J?-3
Removed Pin From Net: NetName=GND Pin=MQ?-3
Removed Pin From Net: NetName=GND Pin=MQ?-3
Removed Pin From Net: NetName=+5 Pin=MQ?-4
Removed Pin From Net: NetName=+5 Pin=MQ?-4
Removed Pin From Net: NetName=GND Pin=pump?-1
Removed Pin From Net: NetName=GND Pin=pump?-1
Removed Pin From Net: NetName=GND Pin=Q?-1
Removed Pin From Net: NetName=GND Pin=Q?-1
Removed Pin From Net: NetName=GND Pin=Q?-1
Removed Pin From Net: NetName=GND Pin=Q?-1
Removed Pin From Net: NetName=GND Pin=Q?-1
Removed Pin From Net: NetName=GND Pin=Q?-1
Removed Pin From Net: NetName=GND Pin=Q?-1
Removed Pin From Net: NetName=GND Pin=Q?-1
Removed Pin From Net: NetName=4 Pin=R?-1
Removed Pin From Net: NetName=4 Pin=R?-1
Removed Pin From Net: NetName=4 Pin=R?-1
Removed Pin From Net: NetName=4 Pin=R?-1
Removed Pin From Net: NetName=4 Pin=R?-1
Removed Pin From Net: NetName=4 Pin=R?-1
Removed Pin From Net: NetName=4 Pin=R?-1
Removed Pin From Net: NetName=5 Pin=R?-1
Removed Pin From Net: NetName=+5 Pin=R?-1
Removed Pin From Net: NetName=+5 Pin=R?-1
Removed Pin From Net: NetName=+5 Pin=R?-1
Removed Pin From Net: NetName=+5 Pin=R?-1
Removed Pin From Net: NetName=+5 Pin=R?-1
Removed Pin From Net: NetName=+5 Pin=R?-1
Removed Pin From Net: NetName=+5 Pin=R?-1
Removed Pin From Net: NetName=+5 Pin=R?-1
Removed Pin From Net: NetName=+5 Pin=R?-1
Removed Pin From Net: NetName=+5 Pin=R?-1
Removed Pin From Net: NetName=+5 Pin=R?-1
Removed Pin From Net: NetName=+5 Pin=R?-1
Removed Pin From Net: NetName=GND Pin=reset?-1
Removed Pin From Net: NetName=GND Pin=reset?-1
Removed Pin From Net: NetName=EN Pin=reset?-2
Removed Pin From Net: NetName=EN Pin=reset?-2
Removed Pin From Net: NetName=+5 Pin=RLpump?-5
Removed Pin From Net: NetName=+5 Pin=RLpump?-5
Removed Pin From Net: NetName=+5 Pin=RLpump?-5
Removed Pin From Net: NetName=+5 Pin=RLpump?-5
Removed Pin From Net: NetName=+5 Pin=RLpump?-5
Removed Pin From Net: NetName=+5 Pin=RLpump?-5
Removed Pin From Net: NetName=+5 Pin=RLpump?-5
Removed Pin From Net: NetName=+5 Pin=RLval?-5
Removed Pin From Net: NetName=4 Pin=U?-4
Removed Pin From Net: NetName=4 Pin=U?-4
Removed Pin From Net: NetName=5 Pin=U?-5
Removed Pin From Net: NetName=5 Pin=U?-5
Removed Pin From Net: NetName=EN Pin=U?-16
Removed Pin From Net: NetName=EN Pin=U?-16
Removed Pin From Net: NetName=GND Pin=val?-1
Removed Pin From Net: NetName=GND Pin=val?-1
